<?xml version="1.0" encoding="UTF-8"?>
<testng-results ignored="0" total="1" passed="1" failed="0" skipped="0">
  <reporter-output>
  </reporter-output>
  <suite started-at="2023-12-19T13:12:06 IST" name="Default suite" finished-at="2023-12-19T13:12:18 IST" duration-ms="12225">
    <groups>
    </groups>
    <test started-at="2023-12-19T13:12:06 IST" name="Default test" finished-at="2023-12-19T13:12:18 IST" duration-ms="12225">
      <class name="practice.WebTable">
        <test-method signature="tableRead()[pri:0, instance:practice.WebTable@fa49800]" started-at="2023-12-19T13:12:06 IST" name="tableRead" finished-at="2023-12-19T13:12:18 IST" duration-ms="12174" status="PASS">
          <reporter-output>
          </reporter-output>
        </test-method> <!-- tableRead -->
      </class> <!-- practice.WebTable -->
    </test> <!-- Default test -->
  </suite> <!-- Default suite -->
</testng-results>
