<?xml version="1.0" encoding="UTF-8"?>
<testng-results ignored="0" total="1" passed="1" failed="0" skipped="0">
  <reporter-output>
  </reporter-output>
  <suite started-at="2023-12-20T16:50:23 IST" name="Default suite" finished-at="2023-12-20T16:50:33 IST" duration-ms="9534">
    <groups>
    </groups>
    <test started-at="2023-12-20T16:50:23 IST" name="Default test" finished-at="2023-12-20T16:50:33 IST" duration-ms="9534">
      <class name="practice.Abhibus_Booking">
        <test-method signature="bookingTicket()[pri:0, instance:practice.Abhibus_Booking@2a54a73f]" started-at="2023-12-20T16:50:23 IST" name="bookingTicket" finished-at="2023-12-20T16:50:33 IST" duration-ms="9489" status="PASS">
          <reporter-output>
          </reporter-output>
        </test-method> <!-- bookingTicket -->
      </class> <!-- practice.Abhibus_Booking -->
    </test> <!-- Default test -->
  </suite> <!-- Default suite -->
</testng-results>
